Initialized native services in: C:\Users\rafae\.gradle\native
Initialized jansi services in: C:\Users\rafae\.gradle\native
Found daemon DaemonInfo{pid=33640, address=[5e8d31ec-0e84-4173-99b9-5dbf8ebf12ac port:52735, addresses:[/127.0.0.1]], state=Idle, lastBusy=1761248302616, context=DefaultDaemonContext[uid=2d200463-5df9-44ce-a62a-4fcce922a693,javaHome=C:\Program Files\Android\Android Studio\jbr,javaVersion=21,javaVendor=JetBrains s.r.o.,daemonRegistryDir=C:\Users\rafae\.gradle\daemon,pid=33640,idleTimeout=10800000,priority=NORMAL,applyInstrumentationAgent=true,nativeServicesMode=ENABLED,daemonOpts=-Xmx2048m,-Dfile.encoding=UTF-8,-Duser.country=BR,-Duser.language=pt,-Duser.variant]} however its context does not match the desired criteria.
JVM is incompatible.
Wanted: DaemonRequestContext{jvmCriteria=C:\Program Files\Java\jdk-21 (no JDK specified, using current Java home), daemonOpts=[-Xmx2048m, -Dfile.encoding=UTF-8, -Duser.country=BR, -Duser.language=pt, -Duser.variant], applyInstrumentationAgent=true, nativeServicesMode=ENABLED, priority=NORMAL}
Actual: DefaultDaemonContext[uid=2d200463-5df9-44ce-a62a-4fcce922a693,javaHome=C:\Program Files\Android\Android Studio\jbr,javaVersion=21,javaVendor=JetBrains s.r.o.,daemonRegistryDir=C:\Users\rafae\.gradle\daemon,pid=33640,idleTimeout=10800000,priority=NORMAL,applyInstrumentationAgent=true,nativeServicesMode=ENABLED,daemonOpts=-Xmx2048m,-Dfile.encoding=UTF-8,-Duser.country=BR,-Duser.language=pt,-Duser.variant]

  Looking for a different daemon...
The client will now receive all logging from the daemon (pid: 14952). The daemon log file: C:\Users\rafae\.gradle\daemon\8.13\daemon-14952.out.log
Starting 4th build in daemon [uptime: 19 mins 9.345 secs, performance: 100%, GC rate: 0.00/s, heap usage: 0% of 2 GiB]
Using 8 worker leases.
Now considering [C:\Users\rafae\AndroidStudioProjects\app_modelo_login_jwt] as hierarchies to watch
Watching the file system is configured to be enabled if available
File system watching is active
Starting Build
Settings evaluated using settings file 'C:\Users\rafae\AndroidStudioProjects\app_modelo_login_jwt\settings.gradle.kts'.
Projects loaded. Root project using build file 'C:\Users\rafae\AndroidStudioProjects\app_modelo_login_jwt\build.gradle.kts'.
Included projects: [root project 'app_modelo_login_jwt', project ':app']

> Configure project :
Evaluating root project 'app_modelo_login_jwt' using build file 'C:\Users\rafae\AndroidStudioProjects\app_modelo_login_jwt\build.gradle.kts'.
Resolved plugin [id: 'com.android.application', version: '8.13.0', apply: false]
Resolved plugin [id: 'org.jetbrains.kotlin.android', version: '2.0.21', apply: false]
Resolved plugin [id: 'org.jetbrains.kotlin.plugin.compose', version: '2.0.21', apply: false]

> Configure project :app
Evaluating project ':app' using build file 'C:\Users\rafae\AndroidStudioProjects\app_modelo_login_jwt\app\build.gradle.kts'.
Resolved plugin [id: 'com.android.application', version: '8.13.0']
Resolved plugin [id: 'org.jetbrains.kotlin.android', version: '2.0.21']
Resolved plugin [id: 'org.jetbrains.kotlin.plugin.compose', version: '2.0.21']
Resolved plugin [id: 'org.jetbrains.kotlin.kapt']
Using default execution profile
Using Kotlin Gradle Plugin gradle85 variant
Detected Android Gradle Plugin compose compiler configuration
Detected Android Gradle Plugin compose compiler configuration
Detected Android Gradle Plugin compose compiler configuration
Detected Android Gradle Plugin compose compiler configuration
Detected Android Gradle Plugin compose compiler configuration
All projects evaluated.
Task name matched 'assembleDebug'
Selected primary task 'assembleDebug' from project :
Adding -Xuse-inline-scopes-numbers Kotlin compiler flag for task :app:compileDebugKotlin
Tasks to be executed: [task ':app:preBuild', task ':app:preDebugBuild', task ':app:mergeDebugNativeDebugMetadata', task ':app:checkKotlinGradlePluginConfigurationErrors', task ':app:checkDebugAarMetadata', task ':app:processDebugNavigationResources', task ':app:compileDebugNavigationResources', task ':app:generateDebugResValues', task ':app:mapDebugSourceSetPaths', task ':app:generateDebugResources', task ':app:mergeDebugResources', task ':app:packageDebugResources', task ':app:parseDebugLocalResources', task ':app:createDebugCompatibleScreenManifests', task ':app:extractDeepLinksDebug', task ':app:processDebugMainManifest', task ':app:processDebugManifest', task ':app:processDebugManifestForPackage', task ':app:processDebugResources', task ':app:kaptGenerateStubsDebugKotlin', task ':app:kaptDebugKotlin', task ':app:compileDebugKotlin', task ':app:javaPreCompileDebug', task ':app:compileDebugJavaWithJavac', task ':app:mergeDebugShaders', task ':app:compileDebugShaders', task ':app:generateDebugAssets', task ':app:mergeDebugAssets', task ':app:compressDebugAssets', task ':app:processDebugJavaRes', task ':app:mergeDebugJavaResource', task ':app:checkDebugDuplicateClasses', task ':app:desugarDebugFileDependencies', task ':app:mergeExtDexDebug', task ':app:mergeLibDexDebug', task ':app:dexBuilderDebug', task ':app:mergeProjectDexDebug', task ':app:mergeDebugJniLibFolders', task ':app:mergeDebugNativeLibs', task ':app:stripDebugDebugSymbols', task ':app:validateSigningDebug', task ':app:writeDebugAppMetadata', task ':app:writeDebugSigningConfigVersions', task ':app:packageDebug', task ':app:createDebugApkListingFileRedirect', task ':app:assembleDebug']
Tasks that were excluded: []
Resolve mutations for :app:preBuild (Thread[#389,Execution worker,5,main]) started.
:app:preBuild (Thread[#389,Execution worker,5,main]) started.

> Task :app:preBuild UP-TO-DATE
Skipping task ':app:preBuild' as it has no actions.
Resolve mutations for :app:preDebugBuild (Thread[#389,Execution worker,5,main]) started.
:app:preDebugBuild (Thread[#388,included builds,5,main]) started.

> Task :app:preDebugBuild UP-TO-DATE
Skipping task ':app:preDebugBuild' as it has no actions.
Resolve mutations for :app:mergeDebugNativeDebugMetadata (Thread[#388,included builds,5,main]) started.
:app:mergeDebugNativeDebugMetadata (Thread[#388,included builds,5,main]) started.

> Task :app:mergeDebugNativeDebugMetadata NO-SOURCE
Skipping task ':app:mergeDebugNativeDebugMetadata' as it has no source files and no previous output files.
Resolve mutations for :app:checkKotlinGradlePluginConfigurationErrors (Thread[#388,included builds,5,main]) started.
:app:checkKotlinGradlePluginConfigurationErrors (Thread[#388,included builds,5,main]) started.

> Task :app:checkKotlinGradlePluginConfigurationErrors SKIPPED
Skipping task ':app:checkKotlinGradlePluginConfigurationErrors' as task onlyIf 'errorDiagnostics are present' is false.
Resolve mutations for :app:checkDebugAarMetadata (Thread[#388,included builds,5,main]) started.
:app:checkDebugAarMetadata (Thread[#388,included builds,5,main]) started.

> Task :app:checkDebugAarMetadata UP-TO-DATE
Caching disabled for task ':app:checkDebugAarMetadata' because:
  Build cache is disabled
  Caching has been disabled for the task
Skipping task ':app:checkDebugAarMetadata' as it is up-to-date.
Resolve mutations for :app:processDebugNavigationResources (Thread[#388,included builds,5,main]) started.
:app:processDebugNavigationResources (Thread[#389,Execution worker,5,main]) started.

> Task :app:processDebugNavigationResources UP-TO-DATE
Caching disabled for task ':app:processDebugNavigationResources' because:
  Build cache is disabled
Skipping task ':app:processDebugNavigationResources' as it is up-to-date.
Resolve mutations for :app:compileDebugNavigationResources (Thread[#389,Execution worker,5,main]) started.
:app:compileDebugNavigationResources (Thread[#389,Execution worker,5,main]) started.

> Task :app:compileDebugNavigationResources UP-TO-DATE
Caching disabled for task ':app:compileDebugNavigationResources' because:
  Build cache is disabled
Skipping task ':app:compileDebugNavigationResources' as it is up-to-date.
Resolve mutations for :app:generateDebugResValues (Thread[#389,Execution worker,5,main]) started.
:app:generateDebugResValues (Thread[#389,Execution worker,5,main]) started.

> Task :app:generateDebugResValues UP-TO-DATE
Caching disabled for task ':app:generateDebugResValues' because:
  Build cache is disabled
Skipping task ':app:generateDebugResValues' as it is up-to-date.
Resolve mutations for :app:mapDebugSourceSetPaths (Thread[#389,Execution worker,5,main]) started.
:app:mapDebugSourceSetPaths (Thread[#389,Execution worker,5,main]) started.

> Task :app:mapDebugSourceSetPaths UP-TO-DATE
Caching disabled for task ':app:mapDebugSourceSetPaths' because:
  Build cache is disabled
  Caching has been disabled for the task
Skipping task ':app:mapDebugSourceSetPaths' as it is up-to-date.
Resolve mutations for :app:generateDebugResources (Thread[#389,Execution worker,5,main]) started.
:app:generateDebugResources (Thread[#389,Execution worker,5,main]) started.

> Task :app:generateDebugResources UP-TO-DATE
Caching disabled for task ':app:generateDebugResources' because:
  Build cache is disabled
Skipping task ':app:generateDebugResources' as it is up-to-date.
Resolve mutations for :app:mergeDebugResources (Thread[#389,Execution worker,5,main]) started.
:app:mergeDebugResources (Thread[#389,Execution worker,5,main]) started.

> Task :app:mergeDebugResources UP-TO-DATE
Caching disabled for task ':app:mergeDebugResources' because:
  Build cache is disabled
Skipping task ':app:mergeDebugResources' as it is up-to-date.
Resolve mutations for :app:packageDebugResources (Thread[#389,Execution worker,5,main]) started.
:app:packageDebugResources (Thread[#389,Execution worker,5,main]) started.

> Task :app:packageDebugResources UP-TO-DATE
Caching disabled for task ':app:packageDebugResources' because:
  Build cache is disabled
Skipping task ':app:packageDebugResources' as it is up-to-date.
Resolve mutations for :app:parseDebugLocalResources (Thread[#389,Execution worker,5,main]) started.
:app:parseDebugLocalResources (Thread[#389,Execution worker,5,main]) started.

> Task :app:parseDebugLocalResources UP-TO-DATE
Caching disabled for task ':app:parseDebugLocalResources' because:
  Build cache is disabled
Skipping task ':app:parseDebugLocalResources' as it is up-to-date.
Resolve mutations for :app:createDebugCompatibleScreenManifests (Thread[#389,Execution worker,5,main]) started.
:app:createDebugCompatibleScreenManifests (Thread[#389,Execution worker,5,main]) started.

> Task :app:createDebugCompatibleScreenManifests UP-TO-DATE
Caching disabled for task ':app:createDebugCompatibleScreenManifests' because:
  Build cache is disabled
  Caching has been disabled for the task
Skipping task ':app:createDebugCompatibleScreenManifests' as it is up-to-date.
Resolve mutations for :app:extractDeepLinksDebug (Thread[#389,Execution worker,5,main]) started.
:app:extractDeepLinksDebug (Thread[#389,Execution worker,5,main]) started.

> Task :app:extractDeepLinksDebug UP-TO-DATE
Caching disabled for task ':app:extractDeepLinksDebug' because:
  Build cache is disabled
Skipping task ':app:extractDeepLinksDebug' as it is up-to-date.
Resolve mutations for :app:processDebugMainManifest (Thread[#389,Execution worker,5,main]) started.
:app:processDebugMainManifest (Thread[#389,Execution worker,5,main]) started.

> Task :app:processDebugMainManifest UP-TO-DATE
Caching disabled for task ':app:processDebugMainManifest' because:
  Build cache is disabled
Skipping task ':app:processDebugMainManifest' as it is up-to-date.
Resolve mutations for :app:processDebugManifest (Thread[#389,Execution worker,5,main]) started.
:app:processDebugManifest (Thread[#389,Execution worker,5,main]) started.

> Task :app:processDebugManifest UP-TO-DATE
Caching disabled for task ':app:processDebugManifest' because:
  Build cache is disabled
Skipping task ':app:processDebugManifest' as it is up-to-date.
Resolve mutations for :app:processDebugManifestForPackage (Thread[#389,Execution worker,5,main]) started.
:app:processDebugManifestForPackage (Thread[#389,Execution worker,5,main]) started.

> Task :app:processDebugManifestForPackage UP-TO-DATE
Custom actions are attached to task ':app:processDebugManifestForPackage'.
Caching disabled for task ':app:processDebugManifestForPackage' because:
  Build cache is disabled
Skipping task ':app:processDebugManifestForPackage' as it is up-to-date.
Resolve mutations for :app:processDebugResources (Thread[#389,Execution worker,5,main]) started.
:app:processDebugResources (Thread[#389,Execution worker,5,main]) started.

> Task :app:processDebugResources UP-TO-DATE
Caching disabled for task ':app:processDebugResources' because:
  Build cache is disabled
Skipping task ':app:processDebugResources' as it is up-to-date.
Resolve mutations for :app:kaptGenerateStubsDebugKotlin (Thread[#389,Execution worker,5,main]) started.
:app:kaptGenerateStubsDebugKotlin (Thread[#389,Execution worker,5,main]) started.

> Task :app:kaptGenerateStubsDebugKotlin UP-TO-DATE
Adding -Xuse-inline-scopes-numbers Kotlin compiler flag for task :app:compileDebugAndroidTestKotlin
GradleBuildProject.Builder should not be accessed through AnalyticsConfiguratorService after AnalyticsService is created. Analytics information of this build might be incomplete.
Caching disabled for task ':app:kaptGenerateStubsDebugKotlin' because:
  Build cache is disabled
Skipping task ':app:kaptGenerateStubsDebugKotlin' as it is up-to-date.
Resolve mutations for :app:kaptDebugKotlin (Thread[#389,Execution worker,5,main]) started.
:app:kaptDebugKotlin (Thread[#389,Execution worker,5,main]) started.

> Task :app:kaptDebugKotlin UP-TO-DATE
file or directory 'C:\Users\rafae\AndroidStudioProjects\app_modelo_login_jwt\app\src\debug\kotlin', not found
file or directory 'C:\Users\rafae\AndroidStudioProjects\app_modelo_login_jwt\app\src\debug\java', not found
file or directory 'C:\Users\rafae\AndroidStudioProjects\app_modelo_login_jwt\app\src\debug\kotlin', not found
file or directory 'C:\Users\rafae\AndroidStudioProjects\app_modelo_login_jwt\app\src\debug\java', not found
file or directory 'C:\Users\rafae\AndroidStudioProjects\app_modelo_login_jwt\app\src\debug\kotlin', not found
file or directory 'C:\Users\rafae\AndroidStudioProjects\app_modelo_login_jwt\app\src\debug\java', not found
file or directory 'C:\Users\rafae\AndroidStudioProjects\app_modelo_login_jwt\app\src\main\kotlin', not found
file or directory 'C:\Users\rafae\AndroidStudioProjects\app_modelo_login_jwt\app\src\main\kotlin', not found
file or directory 'C:\Users\rafae\AndroidStudioProjects\app_modelo_login_jwt\app\src\main\kotlin', not found
file or directory 'C:\Users\rafae\AndroidStudioProjects\app_modelo_login_jwt\app\src\main\kotlin', not found
file or directory 'C:\Users\rafae\AndroidStudioProjects\app_modelo_login_jwt\app\src\main\kotlin', not found
file or directory 'C:\Users\rafae\AndroidStudioProjects\app_modelo_login_jwt\app\src\main\kotlin', not found
file or directory 'C:\Users\rafae\AndroidStudioProjects\app_modelo_login_jwt\app\src\debug\kotlin', not found
file or directory 'C:\Users\rafae\AndroidStudioProjects\app_modelo_login_jwt\app\src\debug\java', not found
file or directory 'C:\Users\rafae\AndroidStudioProjects\app_modelo_login_jwt\app\src\debug\kotlin', not found
file or directory 'C:\Users\rafae\AndroidStudioProjects\app_modelo_login_jwt\app\src\debug\java', not found
file or directory 'C:\Users\rafae\AndroidStudioProjects\app_modelo_login_jwt\app\src\debug\kotlin', not found
file or directory 'C:\Users\rafae\AndroidStudioProjects\app_modelo_login_jwt\app\src\debug\java', not found
file or directory 'C:\Users\rafae\AndroidStudioProjects\app_modelo_login_jwt\app\src\debug\java', not found
Caching disabled for task ':app:kaptDebugKotlin' because:
  Build cache is disabled
Skipping task ':app:kaptDebugKotlin' as it is up-to-date.
Resolve mutations for :app:compileDebugKotlin (Thread[#389,Execution worker,5,main]) started.
:app:compileDebugKotlin (Thread[#396,Execution worker Thread 7,5,main]) started.
Resolve mutations for :app:javaPreCompileDebug (Thread[#389,Execution worker,5,main]) started.
:app:javaPreCompileDebug (Thread[#389,Execution worker,5,main]) started.

> Task :app:javaPreCompileDebug UP-TO-DATE
Caching disabled for task ':app:javaPreCompileDebug' because:
  Build cache is disabled
Skipping task ':app:javaPreCompileDebug' as it is up-to-date.
Resolve mutations for :app:mergeDebugShaders (Thread[#389,Execution worker,5,main]) started.
:app:mergeDebugShaders (Thread[#389,Execution worker,5,main]) started.

> Task :app:mergeDebugShaders UP-TO-DATE
Caching disabled for task ':app:mergeDebugShaders' because:
  Build cache is disabled
  Simple merging task
Skipping task ':app:mergeDebugShaders' as it is up-to-date.
Resolve mutations for :app:compileDebugShaders (Thread[#389,Execution worker,5,main]) started.
:app:compileDebugShaders (Thread[#389,Execution worker,5,main]) started.

> Task :app:compileDebugShaders NO-SOURCE
Skipping task ':app:compileDebugShaders' as it has no source files and no previous output files.
Resolve mutations for :app:generateDebugAssets (Thread[#389,Execution worker,5,main]) started.
:app:generateDebugAssets (Thread[#389,Execution worker,5,main]) started.

> Task :app:generateDebugAssets UP-TO-DATE
Skipping task ':app:generateDebugAssets' as it has no actions.
Resolve mutations for :app:mergeDebugAssets (Thread[#389,Execution worker,5,main]) started.
:app:mergeDebugAssets (Thread[#389,Execution worker,5,main]) started.

> Task :app:mergeDebugAssets UP-TO-DATE
Caching disabled for task ':app:mergeDebugAssets' because:
  Build cache is disabled
  Simple merging task
Skipping task ':app:mergeDebugAssets' as it is up-to-date.
Resolve mutations for :app:compressDebugAssets (Thread[#389,Execution worker,5,main]) started.
:app:compressDebugAssets (Thread[#389,Execution worker,5,main]) started.

> Task :app:compressDebugAssets UP-TO-DATE
Caching disabled for task ':app:compressDebugAssets' because:
  Build cache is disabled
Skipping task ':app:compressDebugAssets' as it is up-to-date.
Resolve mutations for :app:checkDebugDuplicateClasses (Thread[#389,Execution worker,5,main]) started.
:app:checkDebugDuplicateClasses (Thread[#389,Execution worker,5,main]) started.

> Task :app:checkDebugDuplicateClasses UP-TO-DATE
Caching disabled for task ':app:checkDebugDuplicateClasses' because:
  Build cache is disabled
  Caching has been disabled for the task
Skipping task ':app:checkDebugDuplicateClasses' as it is up-to-date.
Resolve mutations for :app:desugarDebugFileDependencies (Thread[#389,Execution worker,5,main]) started.
:app:desugarDebugFileDependencies (Thread[#389,Execution worker,5,main]) started.

> Task :app:desugarDebugFileDependencies UP-TO-DATE
Caching disabled for task ':app:desugarDebugFileDependencies' because:
  Build cache is disabled
Skipping task ':app:desugarDebugFileDependencies' as it is up-to-date.
Resolve mutations for :app:mergeExtDexDebug (Thread[#389,Execution worker,5,main]) started.
:app:mergeExtDexDebug (Thread[#389,Execution worker,5,main]) started.

> Task :app:mergeExtDexDebug UP-TO-DATE
Caching disabled for task ':app:mergeExtDexDebug' because:
  Build cache is disabled
Skipping task ':app:mergeExtDexDebug' as it is up-to-date.
Resolve mutations for :app:mergeLibDexDebug (Thread[#389,Execution worker,5,main]) started.
:app:mergeLibDexDebug (Thread[#389,Execution worker,5,main]) started.

> Task :app:mergeLibDexDebug UP-TO-DATE
Caching disabled for task ':app:mergeLibDexDebug' because:
  Build cache is disabled
Skipping task ':app:mergeLibDexDebug' as it is up-to-date.
Resolve mutations for :app:mergeDebugJniLibFolders (Thread[#389,Execution worker,5,main]) started.
:app:mergeDebugJniLibFolders (Thread[#389,Execution worker,5,main]) started.

> Task :app:mergeDebugJniLibFolders UP-TO-DATE
Caching disabled for task ':app:mergeDebugJniLibFolders' because:
  Build cache is disabled
  Simple merging task
Skipping task ':app:mergeDebugJniLibFolders' as it is up-to-date.
Resolve mutations for :app:mergeDebugNativeLibs (Thread[#389,Execution worker,5,main]) started.
:app:mergeDebugNativeLibs (Thread[#389,Execution worker,5,main]) started.

> Task :app:mergeDebugNativeLibs UP-TO-DATE
Caching disabled for task ':app:mergeDebugNativeLibs' because:
  Build cache is disabled
  Caching has been disabled for the task
Skipping task ':app:mergeDebugNativeLibs' as it is up-to-date.
Resolve mutations for :app:stripDebugDebugSymbols (Thread[#389,Execution worker,5,main]) started.
:app:stripDebugDebugSymbols (Thread[#389,Execution worker,5,main]) started.

> Task :app:stripDebugDebugSymbols UP-TO-DATE
Caching disabled for task ':app:stripDebugDebugSymbols' because:
  Build cache is disabled
  Caching has been disabled for the task
Skipping task ':app:stripDebugDebugSymbols' as it is up-to-date.
Resolve mutations for :app:validateSigningDebug (Thread[#389,Execution worker,5,main]) started.
:app:validateSigningDebug (Thread[#389,Execution worker,5,main]) started.

> Task :app:validateSigningDebug UP-TO-DATE
Caching disabled for task ':app:validateSigningDebug' because:
  Build cache is disabled
  Caching has been disabled for the task
Skipping task ':app:validateSigningDebug' as it is up-to-date.
Resolve mutations for :app:writeDebugAppMetadata (Thread[#389,Execution worker,5,main]) started.
:app:writeDebugAppMetadata (Thread[#389,Execution worker,5,main]) started.

> Task :app:writeDebugAppMetadata UP-TO-DATE
Caching disabled for task ':app:writeDebugAppMetadata' because:
  Build cache is disabled
  Caching has been disabled for the task
Skipping task ':app:writeDebugAppMetadata' as it is up-to-date.
Resolve mutations for :app:writeDebugSigningConfigVersions (Thread[#389,Execution worker,5,main]) started.
:app:writeDebugSigningConfigVersions (Thread[#389,Execution worker,5,main]) started.

> Task :app:writeDebugSigningConfigVersions UP-TO-DATE
Caching disabled for task ':app:writeDebugSigningConfigVersions' because:
  Build cache is disabled
  Caching has been disabled for the task
Skipping task ':app:writeDebugSigningConfigVersions' as it is up-to-date.

> Task :app:compileDebugKotlin FAILED
Caching disabled for task ':app:compileDebugKotlin' because:
  Build cache is disabled
Task ':app:compileDebugKotlin' is not up-to-date because:
  Input property 'sources' file C:\Users\rafae\AndroidStudioProjects\app_modelo_login_jwt\app\src\main\java\com\rafaelcosta\app_modelo_login_jwt\ui\login\LoginScreen.kt has changed.
file or directory 'C:\Users\rafae\AndroidStudioProjects\app_modelo_login_jwt\app\src\debug\kotlin', not found
file or directory 'C:\Users\rafae\AndroidStudioProjects\app_modelo_login_jwt\app\src\debug\java', not found
file or directory 'C:\Users\rafae\AndroidStudioProjects\app_modelo_login_jwt\app\src\debug\kotlin', not found
file or directory 'C:\Users\rafae\AndroidStudioProjects\app_modelo_login_jwt\app\src\debug\java', not found
file or directory 'C:\Users\rafae\AndroidStudioProjects\app_modelo_login_jwt\app\src\debug\kotlin', not found
file or directory 'C:\Users\rafae\AndroidStudioProjects\app_modelo_login_jwt\app\src\debug\java', not found
file or directory 'C:\Users\rafae\AndroidStudioProjects\app_modelo_login_jwt\app\src\debug\kotlin', not found
file or directory 'C:\Users\rafae\AndroidStudioProjects\app_modelo_login_jwt\app\src\debug\java', not found
file or directory 'C:\Users\rafae\AndroidStudioProjects\app_modelo_login_jwt\app\src\debug\kotlin', not found
file or directory 'C:\Users\rafae\AndroidStudioProjects\app_modelo_login_jwt\app\src\debug\java', not found
file or directory 'C:\Users\rafae\AndroidStudioProjects\app_modelo_login_jwt\app\src\debug\kotlin', not found
file or directory 'C:\Users\rafae\AndroidStudioProjects\app_modelo_login_jwt\app\src\debug\java', not found
file or directory 'C:\Users\rafae\AndroidStudioProjects\app_modelo_login_jwt\app\src\main\kotlin', not found
file or directory 'C:\Users\rafae\AndroidStudioProjects\app_modelo_login_jwt\app\src\main\kotlin', not found
file or directory 'C:\Users\rafae\AndroidStudioProjects\app_modelo_login_jwt\app\src\main\kotlin', not found
file or directory 'C:\Users\rafae\AndroidStudioProjects\app_modelo_login_jwt\app\src\main\kotlin', not found
file or directory 'C:\Users\rafae\AndroidStudioProjects\app_modelo_login_jwt\app\src\main\kotlin', not found
file or directory 'C:\Users\rafae\AndroidStudioProjects\app_modelo_login_jwt\app\src\main\kotlin', not found
file or directory 'C:\Users\rafae\AndroidStudioProjects\app_modelo_login_jwt\app\src\debug\java', not found
file or directory 'C:\Users\rafae\AndroidStudioProjects\app_modelo_login_jwt\app\src\debug\kotlin', not found
file or directory 'C:\Users\rafae\AndroidStudioProjects\app_modelo_login_jwt\app\src\debug\java', not found
file or directory 'C:\Users\rafae\AndroidStudioProjects\app_modelo_login_jwt\app\src\debug\kotlin', not found
file or directory 'C:\Users\rafae\AndroidStudioProjects\app_modelo_login_jwt\app\src\debug\java', not found
file or directory 'C:\Users\rafae\AndroidStudioProjects\app_modelo_login_jwt\app\src\debug\kotlin', not found
file or directory 'C:\Users\rafae\AndroidStudioProjects\app_modelo_login_jwt\app\src\debug\java', not found
file or directory 'C:\Users\rafae\AndroidStudioProjects\app_modelo_login_jwt\app\src\debug\kotlin', not found
file or directory 'C:\Users\rafae\AndroidStudioProjects\app_modelo_login_jwt\app\src\debug\java', not found
file or directory 'C:\Users\rafae\AndroidStudioProjects\app_modelo_login_jwt\app\src\debug\kotlin', not found
file or directory 'C:\Users\rafae\AndroidStudioProjects\app_modelo_login_jwt\app\src\debug\java', not found
file or directory 'C:\Users\rafae\AndroidStudioProjects\app_modelo_login_jwt\app\src\debug\kotlin', not found
file or directory 'C:\Users\rafae\AndroidStudioProjects\app_modelo_login_jwt\app\src\debug\java', not found
file or directory 'C:\Users\rafae\AndroidStudioProjects\app_modelo_login_jwt\app\src\main\kotlin', not found
file or directory 'C:\Users\rafae\AndroidStudioProjects\app_modelo_login_jwt\app\src\main\kotlin', not found
file or directory 'C:\Users\rafae\AndroidStudioProjects\app_modelo_login_jwt\app\src\main\kotlin', not found
file or directory 'C:\Users\rafae\AndroidStudioProjects\app_modelo_login_jwt\app\src\main\kotlin', not found
file or directory 'C:\Users\rafae\AndroidStudioProjects\app_modelo_login_jwt\app\src\main\kotlin', not found
file or directory 'C:\Users\rafae\AndroidStudioProjects\app_modelo_login_jwt\app\src\main\kotlin', not found
file or directory 'C:\Users\rafae\AndroidStudioProjects\app_modelo_login_jwt\app\src\debug\java', not found
file or directory 'C:\Users\rafae\AndroidStudioProjects\app_modelo_login_jwt\app\src\debug\kotlin', not found
file or directory 'C:\Users\rafae\AndroidStudioProjects\app_modelo_login_jwt\app\src\debug\java', not found
file or directory 'C:\Users\rafae\AndroidStudioProjects\app_modelo_login_jwt\app\src\debug\kotlin', not found
file or directory 'C:\Users\rafae\AndroidStudioProjects\app_modelo_login_jwt\app\src\debug\java', not found
file or directory 'C:\Users\rafae\AndroidStudioProjects\app_modelo_login_jwt\app\src\debug\kotlin', not found
file or directory 'C:\Users\rafae\AndroidStudioProjects\app_modelo_login_jwt\app\src\debug\java', not found
file or directory 'C:\Users\rafae\AndroidStudioProjects\app_modelo_login_jwt\app\src\debug\kotlin', not found
file or directory 'C:\Users\rafae\AndroidStudioProjects\app_modelo_login_jwt\app\src\debug\java', not found
file or directory 'C:\Users\rafae\AndroidStudioProjects\app_modelo_login_jwt\app\src\debug\kotlin', not found
file or directory 'C:\Users\rafae\AndroidStudioProjects\app_modelo_login_jwt\app\src\debug\java', not found
file or directory 'C:\Users\rafae\AndroidStudioProjects\app_modelo_login_jwt\app\src\debug\kotlin', not found
file or directory 'C:\Users\rafae\AndroidStudioProjects\app_modelo_login_jwt\app\src\debug\java', not found
file or directory 'C:\Users\rafae\AndroidStudioProjects\app_modelo_login_jwt\app\src\main\kotlin', not found
file or directory 'C:\Users\rafae\AndroidStudioProjects\app_modelo_login_jwt\app\src\main\kotlin', not found
file or directory 'C:\Users\rafae\AndroidStudioProjects\app_modelo_login_jwt\app\src\main\kotlin', not found
file or directory 'C:\Users\rafae\AndroidStudioProjects\app_modelo_login_jwt\app\src\main\kotlin', not found
file or directory 'C:\Users\rafae\AndroidStudioProjects\app_modelo_login_jwt\app\src\main\kotlin', not found
file or directory 'C:\Users\rafae\AndroidStudioProjects\app_modelo_login_jwt\app\src\main\kotlin', not found
file or directory 'C:\Users\rafae\AndroidStudioProjects\app_modelo_login_jwt\app\src\debug\java', not found
file or directory 'C:\Users\rafae\AndroidStudioProjects\app_modelo_login_jwt\app\src\debug\kotlin', not found
file or directory 'C:\Users\rafae\AndroidStudioProjects\app_modelo_login_jwt\app\src\debug\java', not found
file or directory 'C:\Users\rafae\AndroidStudioProjects\app_modelo_login_jwt\app\src\debug\kotlin', not found
file or directory 'C:\Users\rafae\AndroidStudioProjects\app_modelo_login_jwt\app\src\debug\java', not found
file or directory 'C:\Users\rafae\AndroidStudioProjects\app_modelo_login_jwt\app\src\debug\kotlin', not found
file or directory 'C:\Users\rafae\AndroidStudioProjects\app_modelo_login_jwt\app\src\debug\java', not found
file or directory 'C:\Users\rafae\AndroidStudioProjects\app_modelo_login_jwt\app\src\debug\kotlin', not found
file or directory 'C:\Users\rafae\AndroidStudioProjects\app_modelo_login_jwt\app\src\debug\java', not found
file or directory 'C:\Users\rafae\AndroidStudioProjects\app_modelo_login_jwt\app\src\debug\kotlin', not found
file or directory 'C:\Users\rafae\AndroidStudioProjects\app_modelo_login_jwt\app\src\debug\java', not found
file or directory 'C:\Users\rafae\AndroidStudioProjects\app_modelo_login_jwt\app\src\debug\kotlin', not found
file or directory 'C:\Users\rafae\AndroidStudioProjects\app_modelo_login_jwt\app\src\debug\java', not found
file or directory 'C:\Users\rafae\AndroidStudioProjects\app_modelo_login_jwt\app\src\main\kotlin', not found
file or directory 'C:\Users\rafae\AndroidStudioProjects\app_modelo_login_jwt\app\src\main\kotlin', not found
file or directory 'C:\Users\rafae\AndroidStudioProjects\app_modelo_login_jwt\app\src\main\kotlin', not found
file or directory 'C:\Users\rafae\AndroidStudioProjects\app_modelo_login_jwt\app\src\main\kotlin', not found
file or directory 'C:\Users\rafae\AndroidStudioProjects\app_modelo_login_jwt\app\src\main\kotlin', not found
file or directory 'C:\Users\rafae\AndroidStudioProjects\app_modelo_login_jwt\app\src\main\kotlin', not found
file or directory 'C:\Users\rafae\AndroidStudioProjects\app_modelo_login_jwt\app\src\debug\java', not found
Kotlin source files: C:\Users\rafae\AndroidStudioProjects\app_modelo_login_jwt\app\src\main\java\com\rafaelcosta\app_modelo_login_jwt\data\remote\ApiService.kt, C:\Users\rafae\AndroidStudioProjects\app_modelo_login_jwt\app\src\main\java\com\rafaelcosta\app_modelo_login_jwt\data\remote\AuthInterceptor.kt, C:\Users\rafae\AndroidStudioProjects\app_modelo_login_jwt\app\src\main\java\com\rafaelcosta\app_modelo_login_jwt\data\repository\AuthRepository.kt, C:\Users\rafae\AndroidStudioProjects\app_modelo_login_jwt\app\src\main\java\com\rafaelcosta\app_modelo_login_jwt\di\AppModule.kt, C:\Users\rafae\AndroidStudioProjects\app_modelo_login_jwt\app\src\main\java\com\rafaelcosta\app_modelo_login_jwt\domain\model\User.kt, C:\Users\rafae\AndroidStudioProjects\app_modelo_login_jwt\app\src\main\java\com\rafaelcosta\app_modelo_login_jwt\MainActivity.kt, C:\Users\rafae\AndroidStudioProjects\app_modelo_login_jwt\app\src\main\java\com\rafaelcosta\app_modelo_login_jwt\ui\home\HomeScreen.kt, C:\Users\rafae\AndroidStudioProjects\app_modelo_login_jwt\app\src\main\java\com\rafaelcosta\app_modelo_login_jwt\ui\login\LoginScreen.kt, C:\Users\rafae\AndroidStudioProjects\app_modelo_login_jwt\app\src\main\java\com\rafaelcosta\app_modelo_login_jwt\ui\login\LoginUiState.kt, C:\Users\rafae\AndroidStudioProjects\app_modelo_login_jwt\app\src\main\java\com\rafaelcosta\app_modelo_login_jwt\ui\login\LoginViewModel.kt, C:\Users\rafae\AndroidStudioProjects\app_modelo_login_jwt\app\src\main\java\com\rafaelcosta\app_modelo_login_jwt\ui\navigation\NavGraph.kt, C:\Users\rafae\AndroidStudioProjects\app_modelo_login_jwt\app\src\main\java\com\rafaelcosta\app_modelo_login_jwt\ui\theme\Color.kt, C:\Users\rafae\AndroidStudioProjects\app_modelo_login_jwt\app\src\main\java\com\rafaelcosta\app_modelo_login_jwt\ui\theme\Theme.kt, C:\Users\rafae\AndroidStudioProjects\app_modelo_login_jwt\app\src\main\java\com\rafaelcosta\app_modelo_login_jwt\ui\theme\Type.kt
Java source files: 
Script source files: 
Script file extensions: 
Using Kotlin/JVM incremental compilation
[KOTLIN] Kotlin compilation 'jdkHome' argument: null
Options for KOTLIN DAEMON: IncrementalCompilationOptions(super=CompilationOptions(compilerMode=INCREMENTAL_COMPILER, targetPlatform=JVM, reportCategories=[0, 3], reportSeverity=2, requestedCompilationResults=[0], kotlinScriptExtensions=[]), areFileChangesKnown=true, modifiedFiles=[C:\Users\rafae\AndroidStudioProjects\app_modelo_login_jwt\app\src\main\java\com\rafaelcosta\app_modelo_login_jwt\ui\login\LoginScreen.kt], deletedFiles=[], classpathChanges=NoChanges, workingDir=C:\Users\rafae\AndroidStudioProjects\app_modelo_login_jwt\app\build\kotlin\compileDebugKotlin\cacheable, multiModuleICSettings=MultiModuleICSettings(buildHistoryFile=C:\Users\rafae\AndroidStudioProjects\app_modelo_login_jwt\app\build\kotlin\compileDebugKotlin\local-state\build-history.bin, useModuleDetection=true), usePreciseJavaTracking=true, icFeatures=IncrementalCompilationFeatures(withAbiSnapshot=false, preciseCompilationResultsBackup=true, keepIncrementalCompilationCachesInMemory=true, enableUnsafeIncrementalCompilationForMultiplatform=false), outputFiles=[C:\Users\rafae\AndroidStudioProjects\app_modelo_login_jwt\app\build\tmp\kotlin-classes\debug, C:\Users\rafae\AndroidStudioProjects\app_modelo_login_jwt\app\build\kotlin\compileDebugKotlin\cacheable, C:\Users\rafae\AndroidStudioProjects\app_modelo_login_jwt\app\build\kotlin\compileDebugKotlin\local-state])
e: file:///C:/Users/rafae/AndroidStudioProjects/app_modelo_login_jwt/app/src/main/java/com/rafaelcosta/app_modelo_login_jwt/ui/login/LoginScreen.kt:38:40 Unresolved reference 'textFieldColors'.
e: file:///C:/Users/rafae/AndroidStudioProjects/app_modelo_login_jwt/app/src/main/java/com/rafaelcosta/app_modelo_login_jwt/ui/login/LoginScreen.kt:54:40 Unresolved reference 'textFieldColors'.
Finished executing kotlin compiler using DAEMON strategy
Restoring task outputs to pre-compilation state

FAILURE: Build failed with an exception.

* What went wrong:
Execution failed for task ':app:compileDebugKotlin'.
> A failure occurred while executing org.jetbrains.kotlin.compilerRunner.GradleCompilerRunnerWithWorkers$GradleKotlinCompilerWorkAction
   > Compilation error. See log for more details

* Try:
> Run with --debug option to get more log output.
> Run with --scan to get full insights.
> Get more help at https://help.gradle.org.

* Exception is:
org.gradle.api.tasks.TaskExecutionException: Execution failed for task ':app:compileDebugKotlin'.
	at org.gradle.api.internal.tasks.execution.ExecuteActionsTaskExecuter.lambda$executeIfValid$1(ExecuteActionsTaskExecuter.java:130)
	at org.gradle.internal.Try$Failure.ifSuccessfulOrElse(Try.java:293)
	at org.gradle.api.internal.tasks.execution.ExecuteActionsTaskExecuter.executeIfValid(ExecuteActionsTaskExecuter.java:128)
	at org.gradle.api.internal.tasks.execution.ExecuteActionsTaskExecuter.execute(ExecuteActionsTaskExecuter.java:116)
	at org.gradle.api.internal.tasks.execution.ProblemsTaskPathTrackingTaskExecuter.execute(ProblemsTaskPathTrackingTaskExecuter.java:40)
	at org.gradle.api.internal.tasks.execution.FinalizePropertiesTaskExecuter.execute(FinalizePropertiesTaskExecuter.java:46)
	at org.gradle.api.internal.tasks.execution.ResolveTaskExecutionModeExecuter.execute(ResolveTaskExecutionModeExecuter.java:51)
	at org.gradle.api.internal.tasks.execution.SkipTaskWithNoActionsExecuter.execute(SkipTaskWithNoActionsExecuter.java:57)
	at org.gradle.api.internal.tasks.execution.SkipOnlyIfTaskExecuter.execute(SkipOnlyIfTaskExecuter.java:74)
	at org.gradle.api.internal.tasks.execution.CatchExceptionTaskExecuter.execute(CatchExceptionTaskExecuter.java:36)
	at org.gradle.api.internal.tasks.execution.EventFiringTaskExecuter$1.executeTask(EventFiringTaskExecuter.java:77)
	at org.gradle.api.internal.tasks.execution.EventFiringTaskExecuter$1.call(EventFiringTaskExecuter.java:55)
	at org.gradle.api.internal.tasks.execution.EventFiringTaskExecuter$1.call(EventFiringTaskExecuter.java:52)
	at org.gradle.internal.operations.DefaultBuildOperationRunner$CallableBuildOperationWorker.execute(DefaultBuildOperationRunner.java:210)
	at org.gradle.internal.operations.DefaultBuildOperationRunner$CallableBuildOperationWorker.execute(DefaultBuildOperationRunner.java:205)
	at org.gradle.internal.operations.DefaultBuildOperationRunner$2.execute(DefaultBuildOperationRunner.java:67)
	at org.gradle.internal.operations.DefaultBuildOperationRunner$2.execute(DefaultBuildOperationRunner.java:60)
	at org.gradle.internal.operations.DefaultBuildOperationRunner.execute(DefaultBuildOperationRunner.java:167)
	at org.gradle.internal.operations.DefaultBuildOperationRunner.execute(DefaultBuildOperationRunner.java:60)
	at org.gradle.internal.operations.DefaultBuildOperationRunner.call(DefaultBuildOperationRunner.java:54)
	at org.gradle.api.internal.tasks.execution.EventFiringTaskExecuter.execute(EventFiringTaskExecuter.java:52)
	at org.gradle.execution.plan.LocalTaskNodeExecutor.execute(LocalTaskNodeExecutor.java:42)
	at org.gradle.execution.taskgraph.DefaultTaskExecutionGraph$InvokeNodeExecutorsAction.execute(DefaultTaskExecutionGraph.java:331)
	at org.gradle.execution.taskgraph.DefaultTaskExecutionGraph$InvokeNodeExecutorsAction.execute(DefaultTaskExecutionGraph.java:318)
	at org.gradle.execution.taskgraph.DefaultTaskExecutionGraph$BuildOperationAwareExecutionAction.lambda$execute$0(DefaultTaskExecutionGraph.java:314)
	at org.gradle.internal.operations.CurrentBuildOperationRef.with(CurrentBuildOperationRef.java:85)
	at org.gradle.execution.taskgraph.DefaultTaskExecutionGraph$BuildOperationAwareExecutionAction.execute(DefaultTaskExecutionGraph.java:314)
	at org.gradle.execution.taskgraph.DefaultTaskExecutionGraph$BuildOperationAwareExecutionAction.execute(DefaultTaskExecutionGraph.java:303)
	at org.gradle.execution.plan.DefaultPlanExecutor$ExecutorWorker.execute(DefaultPlanExecutor.java:459)
	at org.gradle.execution.plan.DefaultPlanExecutor$ExecutorWorker.run(DefaultPlanExecutor.java:376)
	at org.gradle.internal.concurrent.ExecutorPolicy$CatchAndRecordFailures.onExecute(ExecutorPolicy.java:64)
	at org.gradle.internal.concurrent.AbstractManagedExecutor$1.run(AbstractManagedExecutor.java:48)
Caused by: org.gradle.workers.internal.DefaultWorkerExecutor$WorkExecutionException: A failure occurred while executing org.jetbrains.kotlin.compilerRunner.GradleCompilerRunnerWithWorkers$GradleKotlinCompilerWorkAction
	at org.gradle.workers.internal.DefaultWorkerExecutor$WorkItemExecution.waitForCompletion(DefaultWorkerExecutor.java:287)
	at org.gradle.internal.work.DefaultAsyncWorkTracker.lambda$waitForItemsAndGatherFailures$2(DefaultAsyncWorkTracker.java:130)
	at org.gradle.internal.Factories$1.create(Factories.java:31)
	at org.gradle.internal.work.DefaultWorkerLeaseService.withoutLocks(DefaultWorkerLeaseService.java:335)
	at org.gradle.internal.work.DefaultWorkerLeaseService.withoutLocks(DefaultWorkerLeaseService.java:318)
	at org.gradle.internal.work.DefaultWorkerLeaseService.withoutLock(DefaultWorkerLeaseService.java:323)
	at org.gradle.internal.work.DefaultAsyncWorkTracker.waitForItemsAndGatherFailures(DefaultAsyncWorkTracker.java:126)
	at org.gradle.internal.work.DefaultAsyncWorkTracker.waitForItemsAndGatherFailures(DefaultAsyncWorkTracker.java:92)
	at org.gradle.internal.work.DefaultAsyncWorkTracker.waitForAll(DefaultAsyncWorkTracker.java:78)
	at org.gradle.internal.work.DefaultAsyncWorkTracker.waitForCompletion(DefaultAsyncWorkTracker.java:66)
	at org.gradle.api.internal.tasks.execution.TaskExecution$3.run(TaskExecution.java:252)
	at org.gradle.internal.operations.DefaultBuildOperationRunner$1.execute(DefaultBuildOperationRunner.java:30)
	at org.gradle.internal.operations.DefaultBuildOperationRunner$1.execute(DefaultBuildOperationRunner.java:27)
	at org.gradle.internal.operations.DefaultBuildOperationRunner$2.execute(DefaultBuildOperationRunner.java:67)
	at org.gradle.internal.operations.DefaultBuildOperationRunner$2.execute(DefaultBuildOperationRunner.java:60)
	at org.gradle.internal.operations.DefaultBuildOperationRunner.execute(DefaultBuildOperationRunner.java:167)
	at org.gradle.internal.operations.DefaultBuildOperationRunner.execute(DefaultBuildOperationRunner.java:60)
	at org.gradle.internal.operations.DefaultBuildOperationRunner.run(DefaultBuildOperationRunner.java:48)
	at org.gradle.api.internal.tasks.execution.TaskExecution.executeAction(TaskExecution.java:229)
	at org.gradle.api.internal.tasks.execution.TaskExecution.executeActions(TaskExecution.java:212)
	at org.gradle.api.internal.tasks.execution.TaskExecution.executeWithPreviousOutputFiles(TaskExecution.java:195)
	at org.gradle.api.internal.tasks.execution.TaskExecution.execute(TaskExecution.java:162)
	at org.gradle.internal.execution.steps.ExecuteStep.executeInternal(ExecuteStep.java:105)
	at org.gradle.internal.execution.steps.ExecuteStep.access$000(ExecuteStep.java:44)
	at org.gradle.internal.execution.steps.ExecuteStep$1.call(ExecuteStep.java:59)
	at org.gradle.internal.execution.steps.ExecuteStep$1.call(ExecuteStep.java:56)
	at org.gradle.internal.operations.DefaultBuildOperationRunner$CallableBuildOperationWorker.execute(DefaultBuildOperationRunner.java:210)
	at org.gradle.internal.operations.DefaultBuildOperationRunner$CallableBuildOperationWorker.execute(DefaultBuildOperationRunner.java:205)
	at org.gradle.internal.operations.DefaultBuildOperationRunner$2.execute(DefaultBuildOperationRunner.java:67)
	at org.gradle.internal.operations.DefaultBuildOperationRunner$2.execute(DefaultBuildOperationRunner.java:60)
	at org.gradle.internal.operations.DefaultBuildOperationRunner.execute(DefaultBuildOperationRunner.java:167)
	at org.gradle.internal.operations.DefaultBuildOperationRunner.execute(DefaultBuildOperationRunner.java:60)
	at org.gradle.internal.operations.DefaultBuildOperationRunner.call(DefaultBuildOperationRunner.java:54)
	at org.gradle.internal.execution.steps.ExecuteStep.execute(ExecuteStep.java:56)
	at org.gradle.internal.execution.steps.ExecuteStep.execute(ExecuteStep.java:44)
	at org.gradle.internal.execution.steps.CancelExecutionStep.execute(CancelExecutionStep.java:42)
	at org.gradle.internal.execution.steps.TimeoutStep.executeWithoutTimeout(TimeoutStep.java:75)
	at org.gradle.internal.execution.steps.TimeoutStep.execute(TimeoutStep.java:55)
	at org.gradle.internal.execution.steps.PreCreateOutputParentsStep.execute(PreCreateOutputParentsStep.java:50)
	at org.gradle.internal.execution.steps.PreCreateOutputParentsStep.execute(PreCreateOutputParentsStep.java:28)
	at org.gradle.internal.execution.steps.RemovePreviousOutputsStep.execute(RemovePreviousOutputsStep.java:67)
	at org.gradle.internal.execution.steps.RemovePreviousOutputsStep.execute(RemovePreviousOutputsStep.java:37)
	at org.gradle.internal.execution.steps.BroadcastChangingOutputsStep.execute(BroadcastChangingOutputsStep.java:61)
	at org.gradle.internal.execution.steps.BroadcastChangingOutputsStep.execute(BroadcastChangingOutputsStep.java:26)
	at org.gradle.internal.execution.steps.CaptureOutputsAfterExecutionStep.execute(CaptureOutputsAfterExecutionStep.java:69)
	at org.gradle.internal.execution.steps.CaptureOutputsAfterExecutionStep.execute(CaptureOutputsAfterExecutionStep.java:46)
	at org.gradle.internal.execution.steps.ResolveInputChangesStep.execute(ResolveInputChangesStep.java:40)
	at org.gradle.internal.execution.steps.ResolveInputChangesStep.execute(ResolveInputChangesStep.java:29)
	at org.gradle.internal.execution.steps.BuildCacheStep.executeWithoutCache(BuildCacheStep.java:189)
	at org.gradle.internal.execution.steps.BuildCacheStep.lambda$execute$1(BuildCacheStep.java:75)
	at org.gradle.internal.Either$Right.fold(Either.java:175)
	at org.gradle.internal.execution.caching.CachingState.fold(CachingState.java:62)
	at org.gradle.internal.execution.steps.BuildCacheStep.execute(BuildCacheStep.java:73)
	at org.gradle.internal.execution.steps.BuildCacheStep.execute(BuildCacheStep.java:48)
	at org.gradle.internal.execution.steps.StoreExecutionStateStep.execute(StoreExecutionStateStep.java:46)
	at org.gradle.internal.execution.steps.StoreExecutionStateStep.execute(StoreExecutionStateStep.java:35)
	at org.gradle.internal.execution.steps.SkipUpToDateStep.executeBecause(SkipUpToDateStep.java:75)
	at org.gradle.internal.execution.steps.SkipUpToDateStep.lambda$execute$2(SkipUpToDateStep.java:53)
	at org.gradle.internal.execution.steps.SkipUpToDateStep.execute(SkipUpToDateStep.java:53)
	at org.gradle.internal.execution.steps.SkipUpToDateStep.execute(SkipUpToDateStep.java:35)
	at org.gradle.internal.execution.steps.legacy.MarkSnapshottingInputsFinishedStep.execute(MarkSnapshottingInputsFinishedStep.java:37)
	at org.gradle.internal.execution.steps.legacy.MarkSnapshottingInputsFinishedStep.execute(MarkSnapshottingInputsFinishedStep.java:27)
	at org.gradle.internal.execution.steps.ResolveIncrementalCachingStateStep.executeDelegate(ResolveIncrementalCachingStateStep.java:49)
	at org.gradle.internal.execution.steps.ResolveIncrementalCachingStateStep.executeDelegate(ResolveIncrementalCachingStateStep.java:27)
	at org.gradle.internal.execution.steps.AbstractResolveCachingStateStep.execute(AbstractResolveCachingStateStep.java:71)
	at org.gradle.internal.execution.steps.AbstractResolveCachingStateStep.execute(AbstractResolveCachingStateStep.java:39)
	at org.gradle.internal.execution.steps.ResolveChangesStep.execute(ResolveChangesStep.java:65)
	at org.gradle.internal.execution.steps.ResolveChangesStep.execute(ResolveChangesStep.java:36)
	at org.gradle.internal.execution.steps.ValidateStep.execute(ValidateStep.java:107)
	at org.gradle.internal.execution.steps.ValidateStep.execute(ValidateStep.java:56)
	at org.gradle.internal.execution.steps.AbstractCaptureStateBeforeExecutionStep.execute(AbstractCaptureStateBeforeExecutionStep.java:64)
	at org.gradle.internal.execution.steps.AbstractCaptureStateBeforeExecutionStep.execute(AbstractCaptureStateBeforeExecutionStep.java:43)
	at org.gradle.internal.execution.steps.AbstractSkipEmptyWorkStep.executeWithNonEmptySources(AbstractSkipEmptyWorkStep.java:125)
	at org.gradle.internal.execution.steps.AbstractSkipEmptyWorkStep.execute(AbstractSkipEmptyWorkStep.java:61)
	at org.gradle.internal.execution.steps.AbstractSkipEmptyWorkStep.execute(AbstractSkipEmptyWorkStep.java:36)
	at org.gradle.internal.execution.steps.legacy.MarkSnapshottingInputsStartedStep.execute(MarkSnapshottingInputsStartedStep.java:38)
	at org.gradle.internal.execution.steps.LoadPreviousExecutionStateStep.execute(LoadPreviousExecutionStateStep.java:36)
	at org.gradle.internal.execution.steps.LoadPreviousExecutionStateStep.execute(LoadPreviousExecutionStateStep.java:23)
	at org.gradle.internal.execution.steps.HandleStaleOutputsStep.execute(HandleStaleOutputsStep.java:75)
	at org.gradle.internal.execution.steps.HandleStaleOutputsStep.execute(HandleStaleOutputsStep.java:41)
	at org.gradle.internal.execution.steps.AssignMutableWorkspaceStep.lambda$execute$0(AssignMutableWorkspaceStep.java:35)
	at org.gradle.api.internal.tasks.execution.TaskExecution$4.withWorkspace(TaskExecution.java:289)
	at org.gradle.internal.execution.steps.AssignMutableWorkspaceStep.execute(AssignMutableWorkspaceStep.java:31)
	at org.gradle.internal.execution.steps.AssignMutableWorkspaceStep.execute(AssignMutableWorkspaceStep.java:22)
	at org.gradle.internal.execution.steps.ChoosePipelineStep.execute(ChoosePipelineStep.java:40)
	at org.gradle.internal.execution.steps.ChoosePipelineStep.execute(ChoosePipelineStep.java:23)
	at org.gradle.internal.execution.steps.ExecuteWorkBuildOperationFiringStep.lambda$execute$2(ExecuteWorkBuildOperationFiringStep.java:67)
	at org.gradle.internal.execution.steps.ExecuteWorkBuildOperationFiringStep.execute(ExecuteWorkBuildOperationFiringStep.java:67)
	at org.gradle.internal.execution.steps.ExecuteWorkBuildOperationFiringStep.execute(ExecuteWorkBuildOperationFiringStep.java:39)
	at org.gradle.internal.execution.steps.IdentityCacheStep.execute(IdentityCacheStep.java:46)
	at org.gradle.internal.execution.steps.IdentityCacheStep.execute(IdentityCacheStep.java:34)
	at org.gradle.internal.execution.steps.IdentifyStep.execute(IdentifyStep.java:48)
	at org.gradle.internal.execution.steps.IdentifyStep.execute(IdentifyStep.java:35)
	at org.gradle.internal.execution.impl.DefaultExecutionEngine$1.execute(DefaultExecutionEngine.java:61)
	at org.gradle.api.internal.tasks.execution.ExecuteActionsTaskExecuter.executeIfValid(ExecuteActionsTaskExecuter.java:127)
	at org.gradle.api.internal.tasks.execution.ExecuteActionsTaskExecuter.execute(ExecuteActionsTaskExecuter.java:116)
	at org.gradle.api.internal.tasks.execution.ProblemsTaskPathTrackingTaskExecuter.execute(ProblemsTaskPathTrackingTaskExecuter.java:40)
	at org.gradle.api.internal.tasks.execution.FinalizePropertiesTaskExecuter.execute(FinalizePropertiesTaskExecuter.java:46)
	at org.gradle.api.internal.tasks.execution.ResolveTaskExecutionModeExecuter.execute(ResolveTaskExecutionModeExecuter.java:51)
	at org.gradle.api.internal.tasks.execution.SkipTaskWithNoActionsExecuter.execute(SkipTaskWithNoActionsExecuter.java:57)
	at org.gradle.api.internal.tasks.execution.SkipOnlyIfTaskExecuter.execute(SkipOnlyIfTaskExecuter.java:74)
	at org.gradle.api.internal.tasks.execution.CatchExceptionTaskExecuter.execute(CatchExceptionTaskExecuter.java:36)
	at org.gradle.api.internal.tasks.execution.EventFiringTaskExecuter$1.executeTask(EventFiringTaskExecuter.java:77)
	at org.gradle.api.internal.tasks.execution.EventFiringTaskExecuter$1.call(EventFiringTaskExecuter.java:55)
	at org.gradle.api.internal.tasks.execution.EventFiringTaskExecuter$1.call(EventFiringTaskExecuter.java:52)
	at org.gradle.internal.operations.DefaultBuildOperationRunner$CallableBuildOperationWorker.execute(DefaultBuildOperationRunner.java:210)
	at org.gradle.internal.operations.DefaultBuildOperationRunner$CallableBuildOperationWorker.execute(DefaultBuildOperationRunner.java:205)
	at org.gradle.internal.operations.DefaultBuildOperationRunner$2.execute(DefaultBuildOperationRunner.java:67)
	at org.gradle.internal.operations.DefaultBuildOperationRunner$2.execute(DefaultBuildOperationRunner.java:60)
	at org.gradle.internal.operations.DefaultBuildOperationRunner.execute(DefaultBuildOperationRunner.java:167)
	at org.gradle.internal.operations.DefaultBuildOperationRunner.execute(DefaultBuildOperationRunner.java:60)
	at org.gradle.internal.operations.DefaultBuildOperationRunner.call(DefaultBuildOperationRunner.java:54)
	at org.gradle.api.internal.tasks.execution.EventFiringTaskExecuter.execute(EventFiringTaskExecuter.java:52)
	at org.gradle.execution.plan.LocalTaskNodeExecutor.execute(LocalTaskNodeExecutor.java:42)
	at org.gradle.execution.taskgraph.DefaultTaskExecutionGraph$InvokeNodeExecutorsAction.execute(DefaultTaskExecutionGraph.java:331)
	at org.gradle.execution.taskgraph.DefaultTaskExecutionGraph$InvokeNodeExecutorsAction.execute(DefaultTaskExecutionGraph.java:318)
	at org.gradle.execution.taskgraph.DefaultTaskExecutionGraph$BuildOperationAwareExecutionAction.lambda$execute$0(DefaultTaskExecutionGraph.java:314)
	at org.gradle.internal.operations.CurrentBuildOperationRef.with(CurrentBuildOperationRef.java:85)
	at org.gradle.execution.taskgraph.DefaultTaskExecutionGraph$BuildOperationAwareExecutionAction.execute(DefaultTaskExecutionGraph.java:314)
	at org.gradle.execution.taskgraph.DefaultTaskExecutionGraph$BuildOperationAwareExecutionAction.execute(DefaultTaskExecutionGraph.java:303)
	at org.gradle.execution.plan.DefaultPlanExecutor$ExecutorWorker.execute(DefaultPlanExecutor.java:459)
	at org.gradle.execution.plan.DefaultPlanExecutor$ExecutorWorker.run(DefaultPlanExecutor.java:376)
	at org.gradle.internal.concurrent.ExecutorPolicy$CatchAndRecordFailures.onExecute(ExecutorPolicy.java:64)
	at org.gradle.internal.concurrent.AbstractManagedExecutor$1.run(AbstractManagedExecutor.java:48)
Caused by: org.jetbrains.kotlin.gradle.tasks.CompilationErrorException: Compilation error. See log for more details
	at org.jetbrains.kotlin.gradle.tasks.TasksUtilsKt.throwExceptionIfCompilationFailed(tasksUtils.kt:21)
	at org.jetbrains.kotlin.compilerRunner.GradleKotlinCompilerWork.run(GradleKotlinCompilerWork.kt:119)
	at org.jetbrains.kotlin.compilerRunner.GradleCompilerRunnerWithWorkers$GradleKotlinCompilerWorkAction.execute(GradleCompilerRunnerWithWorkers.kt:76)
	at org.gradle.workers.internal.DefaultWorkerServer.execute(DefaultWorkerServer.java:63)
	at org.gradle.workers.internal.NoIsolationWorkerFactory$1$1.create(NoIsolationWorkerFactory.java:66)
	at org.gradle.workers.internal.NoIsolationWorkerFactory$1$1.create(NoIsolationWorkerFactory.java:62)
	at org.gradle.internal.classloader.ClassLoaderUtils.executeInClassloader(ClassLoaderUtils.java:100)
	at org.gradle.workers.internal.NoIsolationWorkerFactory$1.lambda$execute$0(NoIsolationWorkerFactory.java:62)
	at org.gradle.workers.internal.AbstractWorker$1.call(AbstractWorker.java:44)
	at org.gradle.workers.internal.AbstractWorker$1.call(AbstractWorker.java:41)
	at org.gradle.internal.operations.DefaultBuildOperationRunner$CallableBuildOperationWorker.execute(DefaultBuildOperationRunner.java:210)
	at org.gradle.internal.operations.DefaultBuildOperationRunner$CallableBuildOperationWorker.execute(DefaultBuildOperationRunner.java:205)
	at org.gradle.internal.operations.DefaultBuildOperationRunner$2.execute(DefaultBuildOperationRunner.java:67)
	at org.gradle.internal.operations.DefaultBuildOperationRunner$2.execute(DefaultBuildOperationRunner.java:60)
	at org.gradle.internal.operations.DefaultBuildOperationRunner.execute(DefaultBuildOperationRunner.java:167)
	at org.gradle.internal.operations.DefaultBuildOperationRunner.execute(DefaultBuildOperationRunner.java:60)
	at org.gradle.internal.operations.DefaultBuildOperationRunner.call(DefaultBuildOperationRunner.java:54)
	at org.gradle.workers.internal.AbstractWorker.executeWrappedInBuildOperation(AbstractWorker.java:41)
	at org.gradle.workers.internal.NoIsolationWorkerFactory$1.execute(NoIsolationWorkerFactory.java:59)
	at org.gradle.workers.internal.DefaultWorkerExecutor.lambda$submitWork$0(DefaultWorkerExecutor.java:174)
	at org.gradle.internal.work.DefaultConditionalExecutionQueue$ExecutionRunner.runExecution(DefaultConditionalExecutionQueue.java:194)
	at org.gradle.internal.work.DefaultConditionalExecutionQueue$ExecutionRunner.access$700(DefaultConditionalExecutionQueue.java:127)
	at org.gradle.internal.work.DefaultConditionalExecutionQueue$ExecutionRunner$1.run(DefaultConditionalExecutionQueue.java:169)
	at org.gradle.internal.Factories$1.create(Factories.java:31)
	at org.gradle.internal.work.DefaultWorkerLeaseService.withLocks(DefaultWorkerLeaseService.java:263)
	at org.gradle.internal.work.DefaultWorkerLeaseService.runAsWorkerThread(DefaultWorkerLeaseService.java:127)
	at org.gradle.internal.work.DefaultWorkerLeaseService.runAsWorkerThread(DefaultWorkerLeaseService.java:132)
	at org.gradle.internal.work.DefaultConditionalExecutionQueue$ExecutionRunner.runBatch(DefaultConditionalExecutionQueue.java:164)
	at org.gradle.internal.work.DefaultConditionalExecutionQueue$ExecutionRunner.run(DefaultConditionalExecutionQueue.java:133)
	... 2 more


BUILD FAILED in 4s
32 actionable tasks: 1 executed, 31 up-to-date
Watched directory hierarchies: [C:\Users\rafae\AndroidStudioProjects\app_modelo_login_jwt]
